[0m17:32:52.910541 [debug] [MainThread]: Sending event: {'category': 'dbt', 'action': 'invocation', 'label': 'start', 'context': [<snowplow_tracker.self_describing_json.SelfDescribingJson object at 0x000001ADA2154C20>, <snowplow_tracker.self_describing_json.SelfDescribingJson object at 0x000001ADA02A8B90>, <snowplow_tracker.self_describing_json.SelfDescribingJson object at 0x000001ADA323FED0>]}


============================== 17:32:52.928298 | 7d0d6c07-10a6-47dc-b684-9ace4785f46a ==============================
[0m17:32:52.928298 [info ] [MainThread]: Running with dbt=1.9.1
[0m17:32:52.929667 [debug] [MainThread]: running dbt with arguments {'printer_width': '80', 'indirect_selection': 'eager', 'write_json': 'True', 'log_cache_events': 'False', 'partial_parse': 'True', 'cache_selected_only': 'False', 'profiles_dir': 'C:\\Users\\User\\.dbt', 'version_check': 'True', 'warn_error': 'None', 'log_path': 'logs', 'fail_fast': 'False', 'debug': 'False', 'use_colors': 'True', 'use_experimental_parser': 'False', 'empty': 'None', 'quiet': 'False', 'no_print': 'None', 'warn_error_options': 'WarnErrorOptions(include=[], exclude=[])', 'introspect': 'True', 'invocation_command': 'dbt init', 'static_parser': 'True', 'target_path': 'None', 'log_format': 'default', 'send_anonymous_usage_stats': 'True'}
[0m17:32:52.960150 [warn ] [MainThread]: [ConfigFolderDirectory]: Unable to parse logging event dictionary. Failed to parse dir field: expected string or bytes-like object, got 'WindowsPath'.. Dictionary: {'dir': WindowsPath('C:/Users/User/.dbt')}
[0m17:32:52.961323 [info ] [MainThread]: Creating dbt configuration folder at 
[0m17:33:15.500259 [debug] [MainThread]: Starter project path: C:\Users\User\AppData\Local\Programs\Python\Python313\Lib\site-packages\dbt\include\starter_project
[0m17:33:15.531240 [info ] [MainThread]: 
Your new dbt project "custom_postgres" was created!

For more information on how to configure the profiles.yml file,
please consult the dbt documentation here:

  https://docs.getdbt.com/docs/configure-your-profile

One more thing:

Need help? Don't hesitate to reach out to us via GitHub issues or on Slack:

  https://community.getdbt.com/

Happy modeling!

[0m17:33:15.532663 [info ] [MainThread]: Setting up your profile.
[0m18:57:10.980238 [info ] [MainThread]: Profile custom_postgres written to C:\Users\User\.dbt\profiles.yml using target's profile_template.yml and your supplied values. Run 'dbt debug' to validate the connection.
[0m18:57:10.982595 [debug] [MainThread]: Command `dbt init` succeeded at 18:57:10.982317 after 5058.47 seconds
[0m18:57:10.983334 [debug] [MainThread]: Sending event: {'category': 'dbt', 'action': 'invocation', 'label': 'end', 'context': [<snowplow_tracker.self_describing_json.SelfDescribingJson object at 0x000001ADA3499350>, <snowplow_tracker.self_describing_json.SelfDescribingJson object at 0x000001ADA32BDFD0>, <snowplow_tracker.self_describing_json.SelfDescribingJson object at 0x000001ADA312A580>]}
[0m18:57:10.984134 [debug] [MainThread]: Flushing usage events
[0m18:57:11.940149 [debug] [MainThread]: An error was encountered while trying to flush usage events
[0m18:57:33.310483 [debug] [MainThread]: Sending event: {'category': 'dbt', 'action': 'invocation', 'label': 'start', 'context': [<snowplow_tracker.self_describing_json.SelfDescribingJson object at 0x0000016CB6164C20>, <snowplow_tracker.self_describing_json.SelfDescribingJson object at 0x0000016CB42B4B90>, <snowplow_tracker.self_describing_json.SelfDescribingJson object at 0x0000016CB723FED0>]}


============================== 18:57:33.319071 | 2a0b4a0d-d493-49f9-b110-aa393a6d1141 ==============================
[0m18:57:33.319071 [info ] [MainThread]: Running with dbt=1.9.1
[0m18:57:33.320728 [debug] [MainThread]: running dbt with arguments {'printer_width': '80', 'indirect_selection': 'eager', 'log_cache_events': 'False', 'write_json': 'True', 'partial_parse': 'True', 'cache_selected_only': 'False', 'profiles_dir': 'C:\\Users\\User\\.dbt', 'debug': 'False', 'fail_fast': 'False', 'log_path': 'logs', 'version_check': 'True', 'warn_error': 'None', 'use_colors': 'True', 'use_experimental_parser': 'False', 'empty': 'None', 'quiet': 'False', 'no_print': 'None', 'log_format': 'default', 'invocation_command': 'dbt debug', 'static_parser': 'True', 'introspect': 'True', 'target_path': 'None', 'warn_error_options': 'WarnErrorOptions(include=[], exclude=[])', 'send_anonymous_usage_stats': 'True'}
[0m18:57:33.356586 [info ] [MainThread]: dbt version: 1.9.1
[0m18:57:33.357853 [info ] [MainThread]: python version: 3.13.1
[0m18:57:33.360819 [info ] [MainThread]: python path: C:\Users\User\AppData\Local\Programs\Python\Python313\python.exe
[0m18:57:33.362912 [info ] [MainThread]: os info: Windows-10-10.0.19045-SP0
[0m18:57:33.501360 [info ] [MainThread]: Using profiles dir at C:\Users\User\.dbt
[0m18:57:33.502690 [info ] [MainThread]: Using profiles.yml file at C:\Users\User\.dbt\profiles.yml
[0m18:57:33.505016 [info ] [MainThread]: Using dbt_project.yml file at C:\Users\User\elt\dbt_project.yml
[0m18:57:33.508442 [info ] [MainThread]: adapter type: postgres
[0m18:57:33.509820 [info ] [MainThread]: adapter version: 1.9.0
[0m18:57:33.511342 [info ] [MainThread]: Configuration:
[0m18:57:33.512730 [info ] [MainThread]:   profiles.yml file [[32mOK found and valid[0m]
[0m18:57:33.514163 [info ] [MainThread]:   dbt_project.yml file [[31mERROR not found[0m]
[0m18:57:33.515405 [info ] [MainThread]: Required dependencies:
[0m18:57:33.516804 [debug] [MainThread]: Executing "git --help"
[0m18:57:33.961053 [debug] [MainThread]: STDOUT: "b"usage: git [-v | --version] [-h | --help] [-C <path>] [-c <name>=<value>]\n           [--exec-path[=<path>]] [--html-path] [--man-path] [--info-path]\n           [-p | --paginate | -P | --no-pager] [--no-replace-objects] [--no-lazy-fetch]\n           [--no-optional-locks] [--no-advice] [--bare] [--git-dir=<path>]\n           [--work-tree=<path>] [--namespace=<name>] [--config-env=<name>=<envvar>]\n           <command> [<args>]\n\nThese are common Git commands used in various situations:\n\nstart a working area (see also: git help tutorial)\n   clone     Clone a repository into a new directory\n   init      Create an empty Git repository or reinitialize an existing one\n\nwork on the current change (see also: git help everyday)\n   add       Add file contents to the index\n   mv        Move or rename a file, a directory, or a symlink\n   restore   Restore working tree files\n   rm        Remove files from the working tree and from the index\n\nexamine the history and state (see also: git help revisions)\n   bisect    Use binary search to find the commit that introduced a bug\n   diff      Show changes between commits, commit and working tree, etc\n   grep      Print lines matching a pattern\n   log       Show commit logs\n   show      Show various types of objects\n   status    Show the working tree status\n\ngrow, mark and tweak your common history\n   branch    List, create, or delete branches\n   commit    Record changes to the repository\n   merge     Join two or more development histories together\n   rebase    Reapply commits on top of another base tip\n   reset     Reset current HEAD to the specified state\n   switch    Switch branches\n   tag       Create, list, delete or verify a tag object signed with GPG\n\ncollaborate (see also: git help workflows)\n   fetch     Download objects and refs from another repository\n   pull      Fetch from and integrate with another repository or a local branch\n   push      Update remote refs along with associated objects\n\n'git help -a' and 'git help -g' list available subcommands and some\nconcept guides. See 'git help <command>' or 'git help <concept>'\nto read about a specific subcommand or concept.\nSee 'git help git' for an overview of the system.\n""
[0m18:57:33.962115 [debug] [MainThread]: STDERR: "b''"
[0m18:57:33.962687 [info ] [MainThread]:  - git [[32mOK found[0m]

[0m18:57:33.963983 [info ] [MainThread]: Connection:
[0m18:57:33.967143 [info ] [MainThread]:   host: postgres
[0m18:57:33.968615 [info ] [MainThread]:   port: 5432
[0m18:57:33.970660 [info ] [MainThread]:   user: veronika11fs
[0m18:57:33.971819 [info ] [MainThread]:   database: elt_project_db
[0m18:57:33.973662 [info ] [MainThread]:   schema: dev_veronika11fs_schema
[0m18:57:33.974906 [info ] [MainThread]:   connect_timeout: 10
[0m18:57:33.976248 [info ] [MainThread]:   role: None
[0m18:57:33.977579 [info ] [MainThread]:   search_path: None
[0m18:57:33.978845 [info ] [MainThread]:   keepalives_idle: 0
[0m18:57:33.980227 [info ] [MainThread]:   sslmode: None
[0m18:57:33.981397 [info ] [MainThread]:   sslcert: None
[0m18:57:33.985048 [info ] [MainThread]:   sslkey: None
[0m18:57:33.986491 [info ] [MainThread]:   sslrootcert: None
[0m18:57:33.988246 [info ] [MainThread]:   application_name: dbt
[0m18:57:33.990100 [info ] [MainThread]:   retries: 1
[0m18:57:33.991663 [info ] [MainThread]: Registered adapter: postgres=1.9.0
[0m18:57:34.599212 [debug] [MainThread]: Acquiring new postgres connection 'debug'
[0m18:57:34.853794 [debug] [MainThread]: Using postgres connection "debug"
[0m18:57:34.854553 [debug] [MainThread]: On debug: select 1 as id
[0m18:57:34.855166 [debug] [MainThread]: Opening a new connection, currently in state init
[0m18:57:37.141425 [debug] [MainThread]: Postgres adapter: Got a retryable error when attempting to open a postgres connection.
1 attempts remaining. Retrying in 0 seconds.
Error:
could not translate host name "postgres" to address: Name or service not known

[0m18:57:39.429863 [debug] [MainThread]: Postgres adapter: Error running SQL: select 1 as id
[0m18:57:39.431781 [debug] [MainThread]: Postgres adapter: Rolling back transaction.
[0m18:57:39.433164 [debug] [MainThread]: On debug: No close available on handle
[0m18:57:39.434753 [info ] [MainThread]:   Connection test: [[31mERROR[0m]

[0m18:57:39.437601 [info ] [MainThread]: [31m2 checks failed:[0m
[0m18:57:39.442720 [info ] [MainThread]: Project loading failed for the following reason:
 project path <C:\Users\User\elt\dbt_project.yml> not found

[0m18:57:39.447130 [info ] [MainThread]: dbt was unable to connect to the specified database.
The database returned the following error:

  >Database Error
  could not translate host name "postgres" to address: Name or service not known
  

Check your database credentials and try again. For more information, visit:
https://docs.getdbt.com/docs/configure-your-profile


[0m18:57:39.456182 [debug] [MainThread]: Command `dbt debug` failed at 18:57:39.455158 after 6.51 seconds
[0m18:57:39.458228 [debug] [MainThread]: Connection 'debug' was properly closed.
[0m18:57:39.459984 [debug] [MainThread]: Sending event: {'category': 'dbt', 'action': 'invocation', 'label': 'end', 'context': [<snowplow_tracker.self_describing_json.SelfDescribingJson object at 0x0000016CB7462C40>, <snowplow_tracker.self_describing_json.SelfDescribingJson object at 0x0000016CB7492210>, <snowplow_tracker.self_describing_json.SelfDescribingJson object at 0x0000016CB72FDBF0>]}
[0m18:57:39.462711 [debug] [MainThread]: Flushing usage events
[0m18:57:40.313773 [debug] [MainThread]: An error was encountered while trying to flush usage events
